<?xml version="1.0" encoding="UTF-8"?>
<testng-results skipped="0" failed="0" total="1" passed="1">
  <reporter-output>
    <line>
      <![CDATA[<div "featureFile">Feature File: tester.feature</div>]]>
    </line>
    <line>
      <![CDATA[<div "feature">Feature: About Testers</div>]]>
    </line>
    <line>
      <![CDATA[<div "scenarioOutline">Scenario Outline: I am a Manual Tester</div>]]>
    </line>
    <line>
      <![CDATA[<div "scenario">Scenario Outline: I am a Manual Tester</div>]]>
    </line>
    <line>
      <![CDATA[<div "result">Given  I am a &quot;&lt;testerType&gt;&quot; Tester (passed : 0s)</div>]]>
    </line>
    <line>
      <![CDATA[<div "result">When  I apply for a job (passed : 0s)</div>]]>
    </line>
    <line>
      <![CDATA[<div "result">Then  I got a &quot;&lt;jobType&gt;&quot; paid job (passed : 0s)</div>]]>
    </line>
    <line>
      <![CDATA[<div "result">And  I am &quot;&lt;satisfactionType&gt;&quot; satisfied with my salary (passed : 0s)</div>]]>
    </line>
    <line>
      <![CDATA[<div "result">But  My parents are &quot;&lt;parentsSatisfaction&gt;&quot; satisfied (passed : 0s)</div>]]>
    </line>
    <line>
      <![CDATA[<div "scenario">Scenario Outline: I am a Manual Tester</div>]]>
    </line>
    <line>
      <![CDATA[<div "result">Given  I am a &quot;Manual&quot; Tester (passed : 0s)</div>]]>
    </line>
    <line>
      <![CDATA[<div "result">When  I apply for a job (passed : 0s)</div>]]>
    </line>
    <line>
      <![CDATA[<div "result">Then  I got a &quot;Less&quot; paid job (passed : 0s)</div>]]>
    </line>
    <line>
      <![CDATA[<div "result">And  I am &quot;Low&quot; satisfied with my salary (passed : 0s)</div>]]>
    </line>
    <line>
      <![CDATA[<div "result">But  My parents are &quot;Average&quot; satisfied (passed : 0s)</div>]]>
    </line>
    <line>
      <![CDATA[<div "scenario">Scenario Outline: I am a Manual Tester</div>]]>
    </line>
    <line>
      <![CDATA[<div "result">Given  I am a &quot;Automation&quot; Tester (passed : 0s)</div>]]>
    </line>
    <line>
      <![CDATA[<div "result">When  I apply for a job (passed : 0s)</div>]]>
    </line>
    <line>
      <![CDATA[<div "result">Then  I got a &quot;High&quot; paid job (passed : 0s)</div>]]>
    </line>
    <line>
      <![CDATA[<div "result">And  I am &quot;Very&quot; satisfied with my salary (passed : 0s)</div>]]>
    </line>
    <line>
      <![CDATA[<div "result">But  My parents are &quot;Highly&quot; satisfied (passed : 0s)</div>]]>
    </line>
  </reporter-output>
  <suite name="Command line suite" duration-ms="622" started-at="2015-07-03T08:41:36Z" finished-at="2015-07-03T08:41:37Z">
    <groups>
      <group name="cucumber">
        <method signature="AbstractTestNGCucumberTests.run_cukes()[pri:0, instance:test.TestRunner@606dbdc1]" name="run_cukes" class="cucumber.api.testng.AbstractTestNGCucumberTests"/>
      </group> <!-- cucumber -->
    </groups>
    <test name="Command line test" duration-ms="622" started-at="2015-07-03T08:41:36Z" finished-at="2015-07-03T08:41:37Z">
      <class name="test.TestRunner">
        <test-method status="PASS" signature="run_cukes()[pri:0, instance:test.TestRunner@606dbdc1]" name="run_cukes" duration-ms="605" started-at="2015-07-03T14:11:36Z" description="Runs Cucumber Features" finished-at="2015-07-03T14:11:37Z">
          <reporter-output>
            <line>
              <![CDATA[<div "featureFile">Feature File: tester.feature</div>]]>
            </line>
            <line>
              <![CDATA[<div "feature">Feature: About Testers</div>]]>
            </line>
            <line>
              <![CDATA[<div "scenarioOutline">Scenario Outline: I am a Manual Tester</div>]]>
            </line>
            <line>
              <![CDATA[<div "scenario">Scenario Outline: I am a Manual Tester</div>]]>
            </line>
            <line>
              <![CDATA[<div "result">Given  I am a &quot;&lt;testerType&gt;&quot; Tester (passed : 0s)</div>]]>
            </line>
            <line>
              <![CDATA[<div "result">When  I apply for a job (passed : 0s)</div>]]>
            </line>
            <line>
              <![CDATA[<div "result">Then  I got a &quot;&lt;jobType&gt;&quot; paid job (passed : 0s)</div>]]>
            </line>
            <line>
              <![CDATA[<div "result">And  I am &quot;&lt;satisfactionType&gt;&quot; satisfied with my salary (passed : 0s)</div>]]>
            </line>
            <line>
              <![CDATA[<div "result">But  My parents are &quot;&lt;parentsSatisfaction&gt;&quot; satisfied (passed : 0s)</div>]]>
            </line>
            <line>
              <![CDATA[<div "scenario">Scenario Outline: I am a Manual Tester</div>]]>
            </line>
            <line>
              <![CDATA[<div "result">Given  I am a &quot;Manual&quot; Tester (passed : 0s)</div>]]>
            </line>
            <line>
              <![CDATA[<div "result">When  I apply for a job (passed : 0s)</div>]]>
            </line>
            <line>
              <![CDATA[<div "result">Then  I got a &quot;Less&quot; paid job (passed : 0s)</div>]]>
            </line>
            <line>
              <![CDATA[<div "result">And  I am &quot;Low&quot; satisfied with my salary (passed : 0s)</div>]]>
            </line>
            <line>
              <![CDATA[<div "result">But  My parents are &quot;Average&quot; satisfied (passed : 0s)</div>]]>
            </line>
            <line>
              <![CDATA[<div "scenario">Scenario Outline: I am a Manual Tester</div>]]>
            </line>
            <line>
              <![CDATA[<div "result">Given  I am a &quot;Automation&quot; Tester (passed : 0s)</div>]]>
            </line>
            <line>
              <![CDATA[<div "result">When  I apply for a job (passed : 0s)</div>]]>
            </line>
            <line>
              <![CDATA[<div "result">Then  I got a &quot;High&quot; paid job (passed : 0s)</div>]]>
            </line>
            <line>
              <![CDATA[<div "result">And  I am &quot;Very&quot; satisfied with my salary (passed : 0s)</div>]]>
            </line>
            <line>
              <![CDATA[<div "result">But  My parents are &quot;Highly&quot; satisfied (passed : 0s)</div>]]>
            </line>
          </reporter-output>
        </test-method> <!-- run_cukes -->
      </class> <!-- test.TestRunner -->
    </test> <!-- Command line test -->
  </suite> <!-- Command line suite -->
</testng-results>
