<?xml version="1.0" encoding="UTF-8" ?>
<testsuite failures="0" time="1.006" errors="0" skipped="0" tests="18" name="test.TestRunner">
  <properties>
[...]
</properties>
  <testcase time="0.003" classname="| Manual | Less | Low | Average |" name="Given I am a \&quot;Manual\&quot; Tester"/>
  <testcase time="0" classname="| Manual | Less | Low | Average |" name="When I apply for a job"/>
  <testcase time="0" classname="| Manual | Less | Low | Average |" name="Then I got a \&quot;Less\&quot; paid job"/>
  <testcase time="0.001" classname="| Manual | Less | Low | Average |" name="And I am \&quot;Low\&quot; satisfied with my salary"/>
  <testcase time="0.001" classname="| Manual | Less | Low | Average |" name="But My parents are \&quot;Average\&quot; satisfied"/>
  <testcase time="0.001" classname="| Manual | Less | Low | Average |" name="| Manual | Less | Low | Average |"/>
  <testcase time="0" classname="| Automation | High | Very | Highly |" name="Given I am a \&quot;Automation\&quot; Tester"/>
  <testcase time="0" classname="| Automation | High | Very | Highly |" name="When I apply for a job"/>
  <testcase time="0" classname="| Automation | High | Very | Highly |" name="Then I got a \&quot;High\&quot; paid job"/>
  <testcase time="0" classname="| Automation | High | Very | Highly |" name="And I am \&quot;Very\&quot; satisfied with my salary"/>
  <testcase time="0.001" classname="| Automation | High | Very | Highly |" name="But My parents are \&quot;Highly\&quot; satisfied"/>
  <testcase time="0.001" classname="| Automation | High | Very | Highly |" name="| Automation | High | Very | Highly |"/>
  <testcase time="0" classname="| Database | Good | Better | Better |" name="Given I am a \&quot;Database\&quot; Tester"/>
  <testcase time="0" classname="| Database | Good | Better | Better |" name="When I apply for a job"/>
  <testcase time="0.001" classname="| Database | Good | Better | Better |" name="Then I got a \&quot;Good\&quot; paid job"/>
  <testcase time="0" classname="| Database | Good | Better | Better |" name="And I am \&quot;Better\&quot; satisfied with my salary"/>
  <testcase time="0" classname="| Database | Good | Better | Better |" name="But My parents are \&quot;Better\&quot; satisfied"/>
  <testcase time="0.001" classname="| Database | Good | Better | Better |" name="| Database | Good | Better | Better |"/>
</testsuite>